<?xml version="1.0" encoding="UTF-8"?>
<!-- Generated by org.testng.reporters.JUnitReportReporter -->
<testsuite hostname="DESKTOP-B1ISU9F" failures="0" tests="1" name="Test.autoSuggestTest" time="4.682" errors="0" timestamp="2022-01-26T18:38:26 IST" skipped="0">
  <testcase classname="Test.autoSuggestTest" name="verifyTextEntered" time="4.682"/>
  <system-out/>
</testsuite> <!-- Test.autoSuggestTest -->
